{"level":"error","message":"Big bad error from entries route"}
{"level":"error","message":"Big bad error from entries route","errorObject":{}}
{"level":"error","message":"Big bad error from entries route"}
{"level":"error","message":"Big bad error from entries route"}
{"level":"error","message":"Big bad error from entries route"}
{"level":"error","message":"Get error"}
{"level":"error","message":"Cast to ObjectId failed for value \"15bbde9213b88f381e9bede9a\" at path \"_id\" for model \"Entry\""}
{"level":"error","message":"collection is not defined"}
{"level":"error","message":"Cast to ObjectId failed for value \"allEntries\" at path \"_id\" for model \"Collection\""}
{"level":"error","message":"collection is not defined"}
{"level":"error","message":"collection is not defined"}
{"level":"error","message":"Cast to ObjectId failed for value \"undefined\" at path \"_id\" for model \"Collection\""}
{"level":"error","message":"collection is not defined"}
{"level":"error","message":"collection is not defined"}
{"level":"error","message":"Cast to ObjectId failed for value \"undefined\" at path \"_id\" for model \"Collection\""}
{"level":"error","message":"Cast to ObjectId failed for value \"undefined\" at path \"_id\" for model \"Collection\""}
{"level":"error","message":"Cast to ObjectId failed for value \"undefined\" at path \"_id\" for model \"Collection\""}
{"level":"error","message":"Cast to ObjectId failed for value \"undefined\" at path \"_id\" for model \"Collection\""}
{"level":"error","message":"Cannot read property 'entries' of null"}
{"level":"error","message":"Cannot read property 'entries' of null"}
{"level":"error","message":"E11000 duplicate key error collection: webib.users index: username_1 dup key: { : null }"}
{"level":"error","message":"E11000 duplicate key error collection: webib.users index: username_1 dup key: { : null }"}
{"level":"error","message":"E11000 duplicate key error collection: webib.users index: username_1 dup key: { : null }"}
{"level":"error","message":"E11000 duplicate key error collection: webib.users index: username_1 dup key: { : null }"}
{"level":"error","message":"E11000 duplicate key error collection: webib.users index: username_1 dup key: { : null }"}
{"level":"error","message":"E11000 duplicate key error collection: webib.users index: username_1 dup key: { : null }"}
{"level":"error","message":"E11000 duplicate key error collection: webib.users index: username_1 dup key: { : null }"}
{"level":"error","message":"E11000 duplicate key error collection: webib.users index: username_1 dup key: { : null }"}
{"level":"error","message":"E11000 duplicate key error collection: webib.users index: username_1 dup key: { : null }"}
{"level":"error","message":"E11000 duplicate key error collection: webib.users index: username_1 dup key: { : null }"}
{"level":"error","message":"E11000 duplicate key error collection: webib.users index: username_1 dup key: { : null }"}
{"level":"error","message":"createdAt is not defined"}
{"level":"error","message":"createdAt is not defined"}
{"level":"error","message":"E11000 duplicate key error collection: webib.users index: username_1 dup key: { : null }"}
{"level":"error","message":"E11000 duplicate key error collection: webib.users index: username_1 dup key: { : null }"}
{"level":"error","message":"E11000 duplicate key error collection: webib.users index: username_1 dup key: { : null }"}
{"level":"error","message":"E11000 duplicate key error collection: webib.users index: username_1 dup key: { : null }"}
{"level":"error","message":"E11000 duplicate key error collection: webib.users index: username_1 dup key: { : null }"}
{"level":"error","message":"E11000 duplicate key error collection: webib.users index: username_1 dup key: { : null }"}
{"level":"error","message":"E11000 duplicate key error collection: webib.users index: username_1 dup key: { : null }"}
